<?xml version="1.0" encoding="UTF-8"?>
<!-- Generated by org.testng.reporters.JUnitReportReporter -->
<testsuite skipped="0" hostname="DESKTOP-KSTDS7A" name="test.MonthDropDownTest" tests="1" failures="0" timestamp="2020-09-06T12:34:02 CDT" time="7.258" errors="0">
  <testcase name="validateMonthDropDown" time="7.258" classname="test.MonthDropDownTest"/>
  <system-out/>
</testsuite> <!-- test.MonthDropDownTest -->
