<?xml version="1.0" encoding="UTF-8"?>
<!-- Generated by org.testng.reporters.JUnitReportReporter -->
<testsuite skipped="0" hostname="DESKTOP-KSTDS7A" name="test.DuplicateCategoryTest" tests="1" failures="0" timestamp="2020-09-06T12:33:11 CDT" time="7.522" errors="0">
  <testcase name="userShouldNotBeAbleToAddCategory" time="7.522" classname="test.DuplicateCategoryTest"/>
  <system-out/>
</testsuite> <!-- test.DuplicateCategoryTest -->
