<?xml version="1.0" encoding="UTF-8"?>
<!-- Generated by org.testng.reporters.JUnitReportReporter -->
<testsuite skipped="0" hostname="DESKTOP-KSTDS7A" name="test.AddCategoryTest" tests="1" failures="0" timestamp="2020-09-06T12:31:29 CDT" time="7.864" errors="0">
  <testcase name="userShouldBeAbleToAddCategory" time="7.864" classname="test.AddCategoryTest"/>
  <system-out/>
</testsuite> <!-- test.AddCategoryTest -->
